<?xml version="1.0" encoding="UTF-8"?>
<!-- Generated by org.testng.reporters.JUnitReportReporter -->
<testsuite hostname="DESKTOP-JBER2MO" failures="0" tests="1" name="tests.HomePageTest" time="48.964" errors="0" timestamp="2025-02-20T23:42:59 IST" skipped="0">
  <testcase classname="tests.HomePageTest" name="test1" time="48.964"/>
  <system-out/>
</testsuite> <!-- tests.HomePageTest -->
